#
# A fatal error has been detected by the Java Runtime Environment:
#
#  Internal Error (classFileParser.cpp:3375), pid=9937, tid=139653570217728
#  Error: ShouldNotReachHere()
#
# JRE version: 6.0_20-b20
# Java VM: OpenJDK 64-Bit Server VM (19.0-b09 mixed mode linux-amd64 compressed oops)
# Derivative: IcedTea6 1.9.7
# Distribution: Ubuntu 10.10, package 6b20-1.9.7-0ubuntu1
# If you would like to submit a bug report, please include
# instructions how to reproduce the bug and visit:
#   https://bugs.launchpad.net/ubuntu/+source/openjdk-6/
#

---------------  T H R E A D  ---------------

Current thread (0x000000000167e000):  JavaThread "Unknown thread" [_thread_in_vm, id=9942, stack(0x00007f03a161c000,0x00007f03a171d000)]

Stack: [0x00007f03a161c000,0x00007f03a171d000],  sp=0x00007f03a171afa0,  free space=1019k
Native frames: (J=compiled Java code, j=interpreted, Vv=VM code, C=native code)
V  [libjvm.so+0x722a2c]
V  [libjvm.so+0x722c4b]
V  [libjvm.so+0x32f886]
V  [libjvm.so+0x2bdfc4]
V  [libjvm.so+0x2c109e]
V  [libjvm.so+0x6ba36c]
V  [libjvm.so+0x6badff]
V  [libjvm.so+0x6bb2b3]
V  [libjvm.so+0x6bb455]
V  [libjvm.so+0x6bb4c9]
V  [libjvm.so+0x6bb5d2]
V  [libjvm.so+0x6fe24f]
V  [libjvm.so+0x6fec44]
V  [libjvm.so+0x3f3d9a]
V  [libjvm.so+0x6e96e3]
V  [libjvm.so+0x43b1e0]
C  [java+0x279e]  JavaMain+0x7e


---------------  P R O C E S S  ---------------

Java Threads: ( => current thread )

Other Threads:

=>0x000000000167e000 (exited) JavaThread "Unknown thread" [_thread_in_vm, id=9942, stack(0x00007f03a161c000,0x00007f03a171d000)]

VM state:not at safepoint (not fully initialized)

VM Mutex/Monitor currently owned by a thread: None

Dynamic libraries:
00400000-00409000 r-xp 00000000 08:01 27526721                           /usr/lib/jvm/java-6-openjdk/jre/bin/java
00608000-00609000 r--p 00008000 08:01 27526721                           /usr/lib/jvm/java-6-openjdk/jre/bin/java
00609000-0060a000 rw-p 00009000 08:01 27526721                           /usr/lib/jvm/java-6-openjdk/jre/bin/java
01675000-016db000 rw-p 00000000 00:00 0                                  [heap]
bba00000-bcec0000 rw-p 00000000 00:00 0 
bcec0000-c6000000 rw-p 00000000 00:00 0 
c6000000-c86b0000 rw-p 00000000 00:00 0 
c86b0000-ecab0000 rw-p 00000000 00:00 0 
ecab0000-ede00000 rw-p 00000000 00:00 0 
ede00000-100000000 rw-p 00000000 00:00 0 
7f0394000000-7f0394021000 rw-p 00000000 00:00 0 
7f0394021000-7f0398000000 ---p 00000000 00:00 0 
7f039b0c0000-7f039b11f000 r--s 00492000 08:01 28183826                   /usr/local/lib/android-sdk-linux_x86/platforms/android-7/android.jar
7f039b11f000-7f039b147000 rw-p 00000000 00:00 0 
7f039b147000-7f039b148000 ---p 00000000 00:00 0 
7f039b148000-7f039b248000 rw-p 00000000 00:00 0 
7f039b248000-7f039b249000 ---p 00000000 00:00 0 
7f039b249000-7f039b349000 rw-p 00000000 00:00 0 
7f039b349000-7f039b34a000 ---p 00000000 00:00 0 
7f039b34a000-7f039b44a000 rw-p 00000000 00:00 0 
7f039b44a000-7f039b44b000 ---p 00000000 00:00 0 
7f039b44b000-7f039b556000 rw-p 00000000 00:00 0 
7f039b556000-7f039b59e000 rw-p 00000000 00:00 0 
7f039b59e000-7f039b5b2000 rw-p 00000000 00:00 0 
7f039b5b2000-7f039b6d4000 rw-p 00000000 00:00 0 
7f039b6d4000-7f039b6df000 rw-p 00000000 00:00 0 
7f039b6df000-7f039b727000 rw-p 00000000 00:00 0 
7f039b727000-7f039b73b000 rw-p 00000000 00:00 0 
7f039b73b000-7f039b85c000 rw-p 00000000 00:00 0 
7f039b85c000-7f039b866000 rw-p 00000000 00:00 0 
7f039b866000-7f039b8f7000 rw-p 00000000 00:00 0 
7f039b8f7000-7f039b8f8000 rw-p 00000000 00:00 0 
7f039b8f8000-7f039bb68000 rwxp 00000000 00:00 0 
7f039bb68000-7f039e8f8000 rw-p 00000000 00:00 0 
7f039e8f8000-7f039e8ff000 r-xp 00000000 08:01 27526754                   /usr/lib/jvm/java-6-openjdk/jre/lib/amd64/libzip.so
7f039e8ff000-7f039eafe000 ---p 00007000 08:01 27526754                   /usr/lib/jvm/java-6-openjdk/jre/lib/amd64/libzip.so
7f039eafe000-7f039eaff000 r--p 00006000 08:01 27526754                   /usr/lib/jvm/java-6-openjdk/jre/lib/amd64/libzip.so
7f039eaff000-7f039eb00000 rw-p 00007000 08:01 27526754                   /usr/lib/jvm/java-6-openjdk/jre/lib/amd64/libzip.so
7f039eb00000-7f039eb0c000 r-xp 00000000 08:01 36962412                   /lib/libnss_files-2.12.1.so
7f039eb0c000-7f039ed0b000 ---p 0000c000 08:01 36962412                   /lib/libnss_files-2.12.1.so
7f039ed0b000-7f039ed0c000 r--p 0000b000 08:01 36962412                   /lib/libnss_files-2.12.1.so
7f039ed0c000-7f039ed0d000 rw-p 0000c000 08:01 36962412                   /lib/libnss_files-2.12.1.so
7f039ed0d000-7f039ed17000 r-xp 00000000 08:01 36962422                   /lib/libnss_nis-2.12.1.so
7f039ed17000-7f039ef16000 ---p 0000a000 08:01 36962422                   /lib/libnss_nis-2.12.1.so
7f039ef16000-7f039ef17000 r--p 00009000 08:01 36962422                   /lib/libnss_nis-2.12.1.so
7f039ef17000-7f039ef18000 rw-p 0000a000 08:01 36962422                   /lib/libnss_nis-2.12.1.so
7f039ef18000-7f039ef20000 r-xp 00000000 08:01 36962408                   /lib/libnss_compat-2.12.1.so
7f039ef20000-7f039f11f000 ---p 00008000 08:01 36962408                   /lib/libnss_compat-2.12.1.so
7f039f11f000-7f039f120000 r--p 00007000 08:01 36962408                   /lib/libnss_compat-2.12.1.so
7f039f120000-7f039f121000 rw-p 00008000 08:01 36962408                   /lib/libnss_compat-2.12.1.so
7f039f121000-7f039f129000 r-xp 00000000 08:01 27526765                   /usr/lib/jvm/java-6-openjdk/jre/lib/amd64/native_threads/libhpi.so
7f039f129000-7f039f328000 ---p 00008000 08:01 27526765                   /usr/lib/jvm/java-6-openjdk/jre/lib/amd64/native_threads/libhpi.so
7f039f328000-7f039f329000 r--p 00007000 08:01 27526765                   /usr/lib/jvm/java-6-openjdk/jre/lib/amd64/native_threads/libhpi.so
7f039f329000-7f039f32a000 rw-p 00008000 08:01 27526765                   /usr/lib/jvm/java-6-openjdk/jre/lib/amd64/native_threads/libhpi.so
7f039f32a000-7f039f341000 r-xp 00000000 08:01 36962406                   /lib/libnsl-2.12.1.so
7f039f341000-7f039f540000 ---p 00017000 08:01 36962406                   /lib/libnsl-2.12.1.so
7f039f540000-7f039f541000 r--p 00016000 08:01 36962406                   /lib/libnsl-2.12.1.so
7f039f541000-7f039f542000 rw-p 00017000 08:01 36962406                   /lib/libnsl-2.12.1.so
7f039f542000-7f039f544000 rw-p 00000000 00:00 0 
7f039f544000-7f039f56f000 r-xp 00000000 08:01 27526753                   /usr/lib/jvm/java-6-openjdk/jre/lib/amd64/libjava.so
7f039f56f000-7f039f76e000 ---p 0002b000 08:01 27526753                   /usr/lib/jvm/java-6-openjdk/jre/lib/amd64/libjava.so
7f039f76e000-7f039f76f000 r--p 0002a000 08:01 27526753                   /usr/lib/jvm/java-6-openjdk/jre/lib/amd64/libjava.so
7f039f76f000-7f039f772000 rw-p 0002b000 08:01 27526753                   /usr/lib/jvm/java-6-openjdk/jre/lib/amd64/libjava.so
7f039f772000-7f039f780000 r-xp 00000000 08:01 27526739                   /usr/lib/jvm/java-6-openjdk/jre/lib/amd64/libverify.so
7f039f780000-7f039f97f000 ---p 0000e000 08:01 27526739                   /usr/lib/jvm/java-6-openjdk/jre/lib/amd64/libverify.so
7f039f97f000-7f039f981000 r--p 0000d000 08:01 27526739                   /usr/lib/jvm/java-6-openjdk/jre/lib/amd64/libverify.so
7f039f981000-7f039f982000 rw-p 0000f000 08:01 27526739                   /usr/lib/jvm/java-6-openjdk/jre/lib/amd64/libverify.so
7f039f982000-7f039f989000 r-xp 00000000 08:01 36962460                   /lib/librt-2.12.1.so
7f039f989000-7f039fb88000 ---p 00007000 08:01 36962460                   /lib/librt-2.12.1.so
7f039fb88000-7f039fb89000 r--p 00006000 08:01 36962460                   /lib/librt-2.12.1.so
7f039fb89000-7f039fb8a000 rw-p 00007000 08:01 36962460                   /lib/librt-2.12.1.so
7f039fb8a000-7f039fc0c000 r-xp 00000000 08:01 36962395                   /lib/libm-2.12.1.so
7f039fc0c000-7f039fe0b000 ---p 00082000 08:01 36962395                   /lib/libm-2.12.1.so
7f039fe0b000-7f039fe0c000 r--p 00081000 08:01 36962395                   /lib/libm-2.12.1.so
7f039fe0c000-7f039fe0d000 rw-p 00082000 08:01 36962395                   /lib/libm-2.12.1.so
7f039fe0d000-7f03a0692000 r-xp 00000000 08:01 27526757                   /usr/lib/jvm/java-6-openjdk/jre/lib/amd64/server/libjvm.so
7f03a0692000-7f03a0892000 ---p 00885000 08:01 27526757                   /usr/lib/jvm/java-6-openjdk/jre/lib/amd64/server/libjvm.so
7f03a0892000-7f03a0908000 r--p 00885000 08:01 27526757                   /usr/lib/jvm/java-6-openjdk/jre/lib/amd64/server/libjvm.so
7f03a0908000-7f03a0923000 rw-p 008fb000 08:01 27526757                   /usr/lib/jvm/java-6-openjdk/jre/lib/amd64/server/libjvm.so
7f03a0923000-7f03a095c000 rw-p 00000000 00:00 0 
7f03a095c000-7f03a0ad6000 r-xp 00000000 08:01 36962346                   /lib/libc-2.12.1.so
7f03a0ad6000-7f03a0cd5000 ---p 0017a000 08:01 36962346                   /lib/libc-2.12.1.so
7f03a0cd5000-7f03a0cd9000 r--p 00179000 08:01 36962346                   /lib/libc-2.12.1.so
7f03a0cd9000-7f03a0cda000 rw-p 0017d000 08:01 36962346                   /lib/libc-2.12.1.so
7f03a0cda000-7f03a0cdf000 rw-p 00000000 00:00 0 
7f03a0cdf000-7f03a0ce1000 r-xp 00000000 08:01 36962360                   /lib/libdl-2.12.1.so
7f03a0ce1000-7f03a0ee1000 ---p 00002000 08:01 36962360                   /lib/libdl-2.12.1.so
7f03a0ee1000-7f03a0ee2000 r--p 00002000 08:01 36962360                   /lib/libdl-2.12.1.so
7f03a0ee2000-7f03a0ee3000 rw-p 00003000 08:01 36962360                   /lib/libdl-2.12.1.so
7f03a0ee3000-7f03a0ee7000 r-xp 00000000 08:01 27526737                   /usr/lib/jvm/java-6-openjdk/jre/lib/amd64/jli/libjli.so
7f03a0ee7000-7f03a10e6000 ---p 00004000 08:01 27526737                   /usr/lib/jvm/java-6-openjdk/jre/lib/amd64/jli/libjli.so
7f03a10e6000-7f03a10e7000 r--p 00003000 08:01 27526737                   /usr/lib/jvm/java-6-openjdk/jre/lib/amd64/jli/libjli.so
7f03a10e7000-7f03a10e8000 rw-p 00004000 08:01 27526737                   /usr/lib/jvm/java-6-openjdk/jre/lib/amd64/jli/libjli.so
7f03a10e8000-7f03a1100000 r-xp 00000000 08:01 36962454                   /lib/libpthread-2.12.1.so
7f03a1100000-7f03a12ff000 ---p 00018000 08:01 36962454                   /lib/libpthread-2.12.1.so
7f03a12ff000-7f03a1300000 r--p 00017000 08:01 36962454                   /lib/libpthread-2.12.1.so
7f03a1300000-7f03a1301000 rw-p 00018000 08:01 36962454                   /lib/libpthread-2.12.1.so
7f03a1301000-7f03a1305000 rw-p 00000000 00:00 0 
7f03a1305000-7f03a131b000 r-xp 00000000 08:01 36962493                   /lib/libz.so.1.2.3.4
7f03a131b000-7f03a151b000 ---p 00016000 08:01 36962493                   /lib/libz.so.1.2.3.4
7f03a151b000-7f03a151c000 r--p 00016000 08:01 36962493                   /lib/libz.so.1.2.3.4
7f03a151c000-7f03a151d000 rw-p 00017000 08:01 36962493                   /lib/libz.so.1.2.3.4
7f03a151d000-7f03a153d000 r-xp 00000000 08:01 36962322                   /lib/ld-2.12.1.so
7f03a155c000-7f03a1566000 rw-p 00000000 00:00 0 
7f03a1566000-7f03a161c000 rw-p 00000000 00:00 0 
7f03a161c000-7f03a161f000 ---p 00000000 00:00 0 
7f03a161f000-7f03a1722000 rw-p 00000000 00:00 0 
7f03a1731000-7f03a1739000 rw-s 00000000 08:01 38928462                   /tmp/hsperfdata_david/9937
7f03a1739000-7f03a173a000 rw-p 00000000 00:00 0 
7f03a173a000-7f03a173b000 r--p 00000000 00:00 0 
7f03a173b000-7f03a173d000 rw-p 00000000 00:00 0 
7f03a173d000-7f03a173e000 r--p 00020000 08:01 36962322                   /lib/ld-2.12.1.so
7f03a173e000-7f03a173f000 rw-p 00021000 08:01 36962322                   /lib/ld-2.12.1.so
7f03a173f000-7f03a1740000 rw-p 00000000 00:00 0 
7fff3700e000-7fff3702f000 rw-p 00000000 00:00 0                          [stack]
7fff37179000-7fff3717a000 r-xp 00000000 00:00 0                          [vdso]
ffffffffff600000-ffffffffff601000 r-xp 00000000 00:00 0                  [vsyscall]

VM Arguments:
jvm_args: -Dfile.encoding=UTF-8 -Xbootclasspath:/usr/local/lib/android-sdk-linux_x86/platforms/android-7/android.jar 
java_command: org.sharedsolar.tool.RandomToken
Launcher Type: SUN_STANDARD

Environment Variables:
PATH=/usr/local/sbin:/usr/local/bin:/usr/sbin:/usr/bin:/sbin:/bin:/usr/games
USERNAME=david
LD_LIBRARY_PATH=/usr/lib/jvm/java-6-openjdk/jre/lib/amd64/server:/usr/lib/jvm/java-6-openjdk/jre/lib/amd64:/usr/lib/jvm/java-6-openjdk/jre/../lib/amd64
SHELL=/bin/bash
DISPLAY=:0.0

Signal Handlers:
SIGSEGV: [libjvm.so+0x723630], sa_mask[0]=0x7ffbfeff, sa_flags=0x10000004
SIGBUS: [libjvm.so+0x723630], sa_mask[0]=0x7ffbfeff, sa_flags=0x10000004
SIGFPE: [libjvm.so+0x5e0000], sa_mask[0]=0x7ffbfeff, sa_flags=0x10000004
SIGPIPE: [libjvm.so+0x5e0000], sa_mask[0]=0x7ffbfeff, sa_flags=0x10000004
SIGXFSZ: [libjvm.so+0x5e0000], sa_mask[0]=0x7ffbfeff, sa_flags=0x10000004
SIGILL: [libjvm.so+0x5e0000], sa_mask[0]=0x7ffbfeff, sa_flags=0x10000004
SIGUSR1: SIG_DFL, sa_mask[0]=0x00000000, sa_flags=0x00000000
SIGUSR2: [libjvm.so+0x5df710], sa_mask[0]=0x00000004, sa_flags=0x10000004
SIGHUP: SIG_DFL, sa_mask[0]=0x00000000, sa_flags=0x00000000
SIGINT: SIG_DFL, sa_mask[0]=0x00000000, sa_flags=0x00000000
SIGTERM: SIG_DFL, sa_mask[0]=0x00000000, sa_flags=0x00000000
SIGQUIT: SIG_DFL, sa_mask[0]=0x00000000, sa_flags=0x00000000


---------------  S Y S T E M  ---------------

OS:Ubuntu 10.10 (maverick)
uname:Linux 2.6.35-28-generic #50-Ubuntu SMP Fri Mar 18 18:42:20 UTC 2011 x86_64
libc:glibc 2.12.1 NPTL 2.12.1 
rlimit: STACK 8192k, CORE 0k, NPROC infinity, NOFILE 1024, AS infinity
load average:0.08 0.05 0.05

/proc/meminfo:
MemTotal:        3798824 kB
MemFree:          127496 kB
Buffers:           92536 kB
Cached:           962852 kB
SwapCached:          708 kB
Active:          2185416 kB
Inactive:         862952 kB
Active(anon):    1668472 kB
Inactive(anon):   337888 kB
Active(file):     516944 kB
Inactive(file):   525064 kB
Unevictable:           0 kB
Mlocked:               0 kB
SwapTotal:      11125756 kB
SwapFree:       11124876 kB
Dirty:               300 kB
Writeback:             0 kB
AnonPages:       1992480 kB
Mapped:           185164 kB
Shmem:             13380 kB
Slab:              93708 kB
SReclaimable:      70680 kB
SUnreclaim:        23028 kB
KernelStack:        3312 kB
PageTables:        30988 kB
NFS_Unstable:          0 kB
Bounce:                0 kB
WritebackTmp:          0 kB
CommitLimit:    13025168 kB
Committed_AS:    4673232 kB
VmallocTotal:   34359738367 kB
VmallocUsed:      319824 kB
VmallocChunk:   34359416088 kB
HardwareCorrupted:     0 kB
HugePages_Total:       0
HugePages_Free:        0
HugePages_Rsvd:        0
HugePages_Surp:        0
Hugepagesize:       2048 kB
DirectMap4k:     3274112 kB
DirectMap2M:      657408 kB
DirectMap1G:           0 kB


CPU:total 4 (4 cores per cpu, 1 threads per core) family 16 model 5 stepping 2, cmov, cx8, fxsr, mmx, sse, sse2, sse3, popcnt, mmxext, 3dnow, 3dnowext, lzcnt, sse4a

Memory: 4k page, physical 3798824k(127496k free), swap 11125756k(11124876k free)

vm_info: OpenJDK 64-Bit Server VM (19.0-b09) for linux-amd64 JRE (1.6.0_20-b20), built on Feb 23 2011 09:05:53 by "buildd" with gcc 4.4.5

time: Wed Jun  1 12:04:56 2011
elapsed time: 0 seconds

