#
# A fatal error has been detected by the Java Runtime Environment:
#
#  Internal Error (classFileParser.cpp:3375), pid=9832, tid=140167825852160
#  Error: ShouldNotReachHere()
#
# JRE version: 6.0_20-b20
# Java VM: OpenJDK 64-Bit Server VM (19.0-b09 mixed mode linux-amd64 compressed oops)
# Derivative: IcedTea6 1.9.7
# Distribution: Ubuntu 10.10, package 6b20-1.9.7-0ubuntu1
# If you would like to submit a bug report, please include
# instructions how to reproduce the bug and visit:
#   https://bugs.launchpad.net/ubuntu/+source/openjdk-6/
#

---------------  T H R E A D  ---------------

Current thread (0x00000000023c2000):  JavaThread "Unknown thread" [_thread_in_vm, id=9837, stack(0x00007f7b5d680000,0x00007f7b5d781000)]

Stack: [0x00007f7b5d680000,0x00007f7b5d781000],  sp=0x00007f7b5d77efa0,  free space=1019k
Native frames: (J=compiled Java code, j=interpreted, Vv=VM code, C=native code)
V  [libjvm.so+0x722a2c]
V  [libjvm.so+0x722c4b]
V  [libjvm.so+0x32f886]
V  [libjvm.so+0x2bdfc4]
V  [libjvm.so+0x2c109e]
V  [libjvm.so+0x6ba36c]
V  [libjvm.so+0x6badff]
V  [libjvm.so+0x6bb2b3]
V  [libjvm.so+0x6bb455]
V  [libjvm.so+0x6bb4c9]
V  [libjvm.so+0x6bb5d2]
V  [libjvm.so+0x6fe24f]
V  [libjvm.so+0x6fec44]
V  [libjvm.so+0x3f3d9a]
V  [libjvm.so+0x6e96e3]
V  [libjvm.so+0x43b1e0]
C  [java+0x279e]  JavaMain+0x7e


---------------  P R O C E S S  ---------------

Java Threads: ( => current thread )

Other Threads:

=>0x00000000023c2000 (exited) JavaThread "Unknown thread" [_thread_in_vm, id=9837, stack(0x00007f7b5d680000,0x00007f7b5d781000)]

VM state:not at safepoint (not fully initialized)

VM Mutex/Monitor currently owned by a thread: None

Dynamic libraries:
00400000-00409000 r-xp 00000000 08:01 27526721                           /usr/lib/jvm/java-6-openjdk/jre/bin/java
00608000-00609000 r--p 00008000 08:01 27526721                           /usr/lib/jvm/java-6-openjdk/jre/bin/java
00609000-0060a000 rw-p 00009000 08:01 27526721                           /usr/lib/jvm/java-6-openjdk/jre/bin/java
023b9000-023da000 rw-p 00000000 00:00 0                                  [heap]
bba00000-bcec0000 rw-p 00000000 00:00 0 
bcec0000-c6000000 rw-p 00000000 00:00 0 
c6000000-c86b0000 rw-p 00000000 00:00 0 
c86b0000-ecab0000 rw-p 00000000 00:00 0 
ecab0000-ede00000 rw-p 00000000 00:00 0 
ede00000-100000000 rw-p 00000000 00:00 0 
7f7b50000000-7f7b5003c000 rw-p 00000000 00:00 0 
7f7b5003c000-7f7b54000000 ---p 00000000 00:00 0 
7f7b57124000-7f7b57183000 r--s 00492000 08:01 28183826                   /usr/local/lib/android-sdk-linux_x86/platforms/android-7/android.jar
7f7b57183000-7f7b571ab000 rw-p 00000000 00:00 0 
7f7b571ab000-7f7b571ac000 ---p 00000000 00:00 0 
7f7b571ac000-7f7b572ac000 rw-p 00000000 00:00 0 
7f7b572ac000-7f7b572ad000 ---p 00000000 00:00 0 
7f7b572ad000-7f7b573ad000 rw-p 00000000 00:00 0 
7f7b573ad000-7f7b573ae000 ---p 00000000 00:00 0 
7f7b573ae000-7f7b574ae000 rw-p 00000000 00:00 0 
7f7b574ae000-7f7b574af000 ---p 00000000 00:00 0 
7f7b574af000-7f7b575ba000 rw-p 00000000 00:00 0 
7f7b575ba000-7f7b57602000 rw-p 00000000 00:00 0 
7f7b57602000-7f7b57616000 rw-p 00000000 00:00 0 
7f7b57616000-7f7b57738000 rw-p 00000000 00:00 0 
7f7b57738000-7f7b57743000 rw-p 00000000 00:00 0 
7f7b57743000-7f7b5778b000 rw-p 00000000 00:00 0 
7f7b5778b000-7f7b5779f000 rw-p 00000000 00:00 0 
7f7b5779f000-7f7b578c0000 rw-p 00000000 00:00 0 
7f7b578c0000-7f7b578ca000 rw-p 00000000 00:00 0 
7f7b578ca000-7f7b5795b000 rw-p 00000000 00:00 0 
7f7b5795b000-7f7b5795c000 rw-p 00000000 00:00 0 
7f7b5795c000-7f7b57bcc000 rwxp 00000000 00:00 0 
7f7b57bcc000-7f7b5a95c000 rw-p 00000000 00:00 0 
7f7b5a95c000-7f7b5a963000 r-xp 00000000 08:01 27526754                   /usr/lib/jvm/java-6-openjdk/jre/lib/amd64/libzip.so
7f7b5a963000-7f7b5ab62000 ---p 00007000 08:01 27526754                   /usr/lib/jvm/java-6-openjdk/jre/lib/amd64/libzip.so
7f7b5ab62000-7f7b5ab63000 r--p 00006000 08:01 27526754                   /usr/lib/jvm/java-6-openjdk/jre/lib/amd64/libzip.so
7f7b5ab63000-7f7b5ab64000 rw-p 00007000 08:01 27526754                   /usr/lib/jvm/java-6-openjdk/jre/lib/amd64/libzip.so
7f7b5ab64000-7f7b5ab70000 r-xp 00000000 08:01 36962412                   /lib/libnss_files-2.12.1.so
7f7b5ab70000-7f7b5ad6f000 ---p 0000c000 08:01 36962412                   /lib/libnss_files-2.12.1.so
7f7b5ad6f000-7f7b5ad70000 r--p 0000b000 08:01 36962412                   /lib/libnss_files-2.12.1.so
7f7b5ad70000-7f7b5ad71000 rw-p 0000c000 08:01 36962412                   /lib/libnss_files-2.12.1.so
7f7b5ad71000-7f7b5ad7b000 r-xp 00000000 08:01 36962422                   /lib/libnss_nis-2.12.1.so
7f7b5ad7b000-7f7b5af7a000 ---p 0000a000 08:01 36962422                   /lib/libnss_nis-2.12.1.so
7f7b5af7a000-7f7b5af7b000 r--p 00009000 08:01 36962422                   /lib/libnss_nis-2.12.1.so
7f7b5af7b000-7f7b5af7c000 rw-p 0000a000 08:01 36962422                   /lib/libnss_nis-2.12.1.so
7f7b5af7c000-7f7b5af84000 r-xp 00000000 08:01 36962408                   /lib/libnss_compat-2.12.1.so
7f7b5af84000-7f7b5b183000 ---p 00008000 08:01 36962408                   /lib/libnss_compat-2.12.1.so
7f7b5b183000-7f7b5b184000 r--p 00007000 08:01 36962408                   /lib/libnss_compat-2.12.1.so
7f7b5b184000-7f7b5b185000 rw-p 00008000 08:01 36962408                   /lib/libnss_compat-2.12.1.so
7f7b5b185000-7f7b5b18d000 r-xp 00000000 08:01 27526765                   /usr/lib/jvm/java-6-openjdk/jre/lib/amd64/native_threads/libhpi.so
7f7b5b18d000-7f7b5b38c000 ---p 00008000 08:01 27526765                   /usr/lib/jvm/java-6-openjdk/jre/lib/amd64/native_threads/libhpi.so
7f7b5b38c000-7f7b5b38d000 r--p 00007000 08:01 27526765                   /usr/lib/jvm/java-6-openjdk/jre/lib/amd64/native_threads/libhpi.so
7f7b5b38d000-7f7b5b38e000 rw-p 00008000 08:01 27526765                   /usr/lib/jvm/java-6-openjdk/jre/lib/amd64/native_threads/libhpi.so
7f7b5b38e000-7f7b5b3a5000 r-xp 00000000 08:01 36962406                   /lib/libnsl-2.12.1.so
7f7b5b3a5000-7f7b5b5a4000 ---p 00017000 08:01 36962406                   /lib/libnsl-2.12.1.so
7f7b5b5a4000-7f7b5b5a5000 r--p 00016000 08:01 36962406                   /lib/libnsl-2.12.1.so
7f7b5b5a5000-7f7b5b5a6000 rw-p 00017000 08:01 36962406                   /lib/libnsl-2.12.1.so
7f7b5b5a6000-7f7b5b5a8000 rw-p 00000000 00:00 0 
7f7b5b5a8000-7f7b5b5d3000 r-xp 00000000 08:01 27526753                   /usr/lib/jvm/java-6-openjdk/jre/lib/amd64/libjava.so
7f7b5b5d3000-7f7b5b7d2000 ---p 0002b000 08:01 27526753                   /usr/lib/jvm/java-6-openjdk/jre/lib/amd64/libjava.so
7f7b5b7d2000-7f7b5b7d3000 r--p 0002a000 08:01 27526753                   /usr/lib/jvm/java-6-openjdk/jre/lib/amd64/libjava.so
7f7b5b7d3000-7f7b5b7d6000 rw-p 0002b000 08:01 27526753                   /usr/lib/jvm/java-6-openjdk/jre/lib/amd64/libjava.so
7f7b5b7d6000-7f7b5b7e4000 r-xp 00000000 08:01 27526739                   /usr/lib/jvm/java-6-openjdk/jre/lib/amd64/libverify.so
7f7b5b7e4000-7f7b5b9e3000 ---p 0000e000 08:01 27526739                   /usr/lib/jvm/java-6-openjdk/jre/lib/amd64/libverify.so
7f7b5b9e3000-7f7b5b9e5000 r--p 0000d000 08:01 27526739                   /usr/lib/jvm/java-6-openjdk/jre/lib/amd64/libverify.so
7f7b5b9e5000-7f7b5b9e6000 rw-p 0000f000 08:01 27526739                   /usr/lib/jvm/java-6-openjdk/jre/lib/amd64/libverify.so
7f7b5b9e6000-7f7b5b9ed000 r-xp 00000000 08:01 36962460                   /lib/librt-2.12.1.so
7f7b5b9ed000-7f7b5bbec000 ---p 00007000 08:01 36962460                   /lib/librt-2.12.1.so
7f7b5bbec000-7f7b5bbed000 r--p 00006000 08:01 36962460                   /lib/librt-2.12.1.so
7f7b5bbed000-7f7b5bbee000 rw-p 00007000 08:01 36962460                   /lib/librt-2.12.1.so
7f7b5bbee000-7f7b5bc70000 r-xp 00000000 08:01 36962395                   /lib/libm-2.12.1.so
7f7b5bc70000-7f7b5be6f000 ---p 00082000 08:01 36962395                   /lib/libm-2.12.1.so
7f7b5be6f000-7f7b5be70000 r--p 00081000 08:01 36962395                   /lib/libm-2.12.1.so
7f7b5be70000-7f7b5be71000 rw-p 00082000 08:01 36962395                   /lib/libm-2.12.1.so
7f7b5be71000-7f7b5c6f6000 r-xp 00000000 08:01 27526757                   /usr/lib/jvm/java-6-openjdk/jre/lib/amd64/server/libjvm.so
7f7b5c6f6000-7f7b5c8f6000 ---p 00885000 08:01 27526757                   /usr/lib/jvm/java-6-openjdk/jre/lib/amd64/server/libjvm.so
7f7b5c8f6000-7f7b5c96c000 r--p 00885000 08:01 27526757                   /usr/lib/jvm/java-6-openjdk/jre/lib/amd64/server/libjvm.so
7f7b5c96c000-7f7b5c987000 rw-p 008fb000 08:01 27526757                   /usr/lib/jvm/java-6-openjdk/jre/lib/amd64/server/libjvm.so
7f7b5c987000-7f7b5c9c0000 rw-p 00000000 00:00 0 
7f7b5c9c0000-7f7b5cb3a000 r-xp 00000000 08:01 36962346                   /lib/libc-2.12.1.so
7f7b5cb3a000-7f7b5cd39000 ---p 0017a000 08:01 36962346                   /lib/libc-2.12.1.so
7f7b5cd39000-7f7b5cd3d000 r--p 00179000 08:01 36962346                   /lib/libc-2.12.1.so
7f7b5cd3d000-7f7b5cd3e000 rw-p 0017d000 08:01 36962346                   /lib/libc-2.12.1.so
7f7b5cd3e000-7f7b5cd43000 rw-p 00000000 00:00 0 
7f7b5cd43000-7f7b5cd45000 r-xp 00000000 08:01 36962360                   /lib/libdl-2.12.1.so
7f7b5cd45000-7f7b5cf45000 ---p 00002000 08:01 36962360                   /lib/libdl-2.12.1.so
7f7b5cf45000-7f7b5cf46000 r--p 00002000 08:01 36962360                   /lib/libdl-2.12.1.so
7f7b5cf46000-7f7b5cf47000 rw-p 00003000 08:01 36962360                   /lib/libdl-2.12.1.so
7f7b5cf47000-7f7b5cf4b000 r-xp 00000000 08:01 27526737                   /usr/lib/jvm/java-6-openjdk/jre/lib/amd64/jli/libjli.so
7f7b5cf4b000-7f7b5d14a000 ---p 00004000 08:01 27526737                   /usr/lib/jvm/java-6-openjdk/jre/lib/amd64/jli/libjli.so
7f7b5d14a000-7f7b5d14b000 r--p 00003000 08:01 27526737                   /usr/lib/jvm/java-6-openjdk/jre/lib/amd64/jli/libjli.so
7f7b5d14b000-7f7b5d14c000 rw-p 00004000 08:01 27526737                   /usr/lib/jvm/java-6-openjdk/jre/lib/amd64/jli/libjli.so
7f7b5d14c000-7f7b5d164000 r-xp 00000000 08:01 36962454                   /lib/libpthread-2.12.1.so
7f7b5d164000-7f7b5d363000 ---p 00018000 08:01 36962454                   /lib/libpthread-2.12.1.so
7f7b5d363000-7f7b5d364000 r--p 00017000 08:01 36962454                   /lib/libpthread-2.12.1.so
7f7b5d364000-7f7b5d365000 rw-p 00018000 08:01 36962454                   /lib/libpthread-2.12.1.so
7f7b5d365000-7f7b5d369000 rw-p 00000000 00:00 0 
7f7b5d369000-7f7b5d37f000 r-xp 00000000 08:01 36962493                   /lib/libz.so.1.2.3.4
7f7b5d37f000-7f7b5d57f000 ---p 00016000 08:01 36962493                   /lib/libz.so.1.2.3.4
7f7b5d57f000-7f7b5d580000 r--p 00016000 08:01 36962493                   /lib/libz.so.1.2.3.4
7f7b5d580000-7f7b5d581000 rw-p 00017000 08:01 36962493                   /lib/libz.so.1.2.3.4
7f7b5d581000-7f7b5d5a1000 r-xp 00000000 08:01 36962322                   /lib/ld-2.12.1.so
7f7b5d5c0000-7f7b5d5ca000 rw-p 00000000 00:00 0 
7f7b5d5ca000-7f7b5d680000 rw-p 00000000 00:00 0 
7f7b5d680000-7f7b5d683000 ---p 00000000 00:00 0 
7f7b5d683000-7f7b5d786000 rw-p 00000000 00:00 0 
7f7b5d795000-7f7b5d79d000 rw-s 00000000 08:01 38928462                   /tmp/hsperfdata_david/9832
7f7b5d79d000-7f7b5d79e000 rw-p 00000000 00:00 0 
7f7b5d79e000-7f7b5d79f000 r--p 00000000 00:00 0 
7f7b5d79f000-7f7b5d7a1000 rw-p 00000000 00:00 0 
7f7b5d7a1000-7f7b5d7a2000 r--p 00020000 08:01 36962322                   /lib/ld-2.12.1.so
7f7b5d7a2000-7f7b5d7a3000 rw-p 00021000 08:01 36962322                   /lib/ld-2.12.1.so
7f7b5d7a3000-7f7b5d7a4000 rw-p 00000000 00:00 0 
7fff2b9fc000-7fff2ba1d000 rw-p 00000000 00:00 0                          [stack]
7fff2bab0000-7fff2bab1000 r-xp 00000000 00:00 0                          [vdso]
ffffffffff600000-ffffffffff601000 r-xp 00000000 00:00 0                  [vsyscall]

VM Arguments:
jvm_args: -Dfile.encoding=UTF-8 -Xbootclasspath:/usr/local/lib/android-sdk-linux_x86/platforms/android-7/android.jar 
java_command: org.sharedsolar.tool.RandomToken
Launcher Type: SUN_STANDARD

Environment Variables:
PATH=/usr/local/sbin:/usr/local/bin:/usr/sbin:/usr/bin:/sbin:/bin:/usr/games
USERNAME=david
LD_LIBRARY_PATH=/usr/lib/jvm/java-6-openjdk/jre/lib/amd64/server:/usr/lib/jvm/java-6-openjdk/jre/lib/amd64:/usr/lib/jvm/java-6-openjdk/jre/../lib/amd64
SHELL=/bin/bash
DISPLAY=:0.0

Signal Handlers:
SIGSEGV: [libjvm.so+0x723630], sa_mask[0]=0x7ffbfeff, sa_flags=0x10000004
SIGBUS: [libjvm.so+0x723630], sa_mask[0]=0x7ffbfeff, sa_flags=0x10000004
SIGFPE: [libjvm.so+0x5e0000], sa_mask[0]=0x7ffbfeff, sa_flags=0x10000004
SIGPIPE: [libjvm.so+0x5e0000], sa_mask[0]=0x7ffbfeff, sa_flags=0x10000004
SIGXFSZ: [libjvm.so+0x5e0000], sa_mask[0]=0x7ffbfeff, sa_flags=0x10000004
SIGILL: [libjvm.so+0x5e0000], sa_mask[0]=0x7ffbfeff, sa_flags=0x10000004
SIGUSR1: SIG_DFL, sa_mask[0]=0x00000000, sa_flags=0x00000000
SIGUSR2: [libjvm.so+0x5df710], sa_mask[0]=0x00000004, sa_flags=0x10000004
SIGHUP: SIG_DFL, sa_mask[0]=0x00000000, sa_flags=0x00000000
SIGINT: SIG_DFL, sa_mask[0]=0x00000000, sa_flags=0x00000000
SIGTERM: SIG_DFL, sa_mask[0]=0x00000000, sa_flags=0x00000000
SIGQUIT: SIG_DFL, sa_mask[0]=0x00000000, sa_flags=0x00000000


---------------  S Y S T E M  ---------------

OS:Ubuntu 10.10 (maverick)
uname:Linux 2.6.35-28-generic #50-Ubuntu SMP Fri Mar 18 18:42:20 UTC 2011 x86_64
libc:glibc 2.12.1 NPTL 2.12.1 
rlimit: STACK 8192k, CORE 0k, NPROC infinity, NOFILE 1024, AS infinity
load average:0.01 0.03 0.05

/proc/meminfo:
MemTotal:        3798824 kB
MemFree:          288576 kB
Buffers:           91964 kB
Cached:           889712 kB
SwapCached:          708 kB
Active:          2064664 kB
Inactive:         832804 kB
Active(anon):    1589888 kB
Inactive(anon):   339508 kB
Active(file):     474776 kB
Inactive(file):   493296 kB
Unevictable:           0 kB
Mlocked:               0 kB
SwapTotal:      11125756 kB
SwapFree:       11124876 kB
Dirty:               112 kB
Writeback:             0 kB
AnonPages:       1915496 kB
Mapped:           183396 kB
Shmem:             13380 kB
Slab:              93384 kB
SReclaimable:      70392 kB
SUnreclaim:        22992 kB
KernelStack:        3304 kB
PageTables:        30884 kB
NFS_Unstable:          0 kB
Bounce:                0 kB
WritebackTmp:          0 kB
CommitLimit:    13025168 kB
Committed_AS:    4605312 kB
VmallocTotal:   34359738367 kB
VmallocUsed:      319824 kB
VmallocChunk:   34359416088 kB
HardwareCorrupted:     0 kB
HugePages_Total:       0
HugePages_Free:        0
HugePages_Rsvd:        0
HugePages_Surp:        0
Hugepagesize:       2048 kB
DirectMap4k:     3274112 kB
DirectMap2M:      657408 kB
DirectMap1G:           0 kB


CPU:total 4 (4 cores per cpu, 1 threads per core) family 16 model 5 stepping 2, cmov, cx8, fxsr, mmx, sse, sse2, sse3, popcnt, mmxext, 3dnow, 3dnowext, lzcnt, sse4a

Memory: 4k page, physical 3798824k(288576k free), swap 11125756k(11124876k free)

vm_info: OpenJDK 64-Bit Server VM (19.0-b09) for linux-amd64 JRE (1.6.0_20-b20), built on Feb 23 2011 09:05:53 by "buildd" with gcc 4.4.5

time: Wed Jun  1 12:02:46 2011
elapsed time: 0 seconds

